GROUP,PACKAGE,CLASS,INSTRUCTION_MISSED,INSTRUCTION_COVERED,BRANCH_MISSED,BRANCH_COVERED,LINE_MISSED,LINE_COVERED,COMPLEXITY_MISSED,COMPLEXITY_COVERED,METHOD_MISSED,METHOD_COVERED
juego-lucha,com.juego.patrones.strategy,AtaqueNormal,17,0,0,0,4,0,3,0,3,0
juego-lucha,com.juego.patrones.strategy,AtaqueFuerte,17,0,0,0,4,0,3,0,3,0
juego-lucha,com.juego.patrones.strategy,AtaqueMagico,7,0,0,0,3,0,3,0,3,0
juego-lucha,com.juego.patrones.decorator,ArmaDecorator,26,0,0,0,9,0,3,0,3,0
juego-lucha,com.juego.patrones.decorator,EscudoDecorator,29,0,0,0,8,0,3,0,3,0
juego-lucha,com.juego.model,PersonajeBase,78,0,6,0,25,0,11,0,8,0
juego-lucha,com.juego.model,PersonajeDecorator,28,0,0,0,10,0,6,0,6,0
juego-lucha,com.juego.juego,JuegoLucha,150,0,8,0,36,0,8,0,4,0
